This file contains any messages produced by compilers while
running configure, to aid debugging if configure makes a mistake.

It was created by configure, which was
generated by GNU Autoconf 2.71.  Invocation command line was

  $ ./configure --with-gtk3

## --------- ##
## Platform. ##
## --------- ##

hostname = kasumi
uname -m = x86_64
uname -r = 5.19.0-38-generic
uname -s = Linux
uname -v = #39~22.04.1-Ubuntu SMP PREEMPT_DYNAMIC Fri Mar 17 21:16:15 UTC 2

/usr/bin/uname -p = x86_64
/bin/uname -X     = unknown

/bin/arch              = x86_64
/usr/bin/arch -k       = unknown
/usr/convex/getsysinfo = unknown
/usr/bin/hostinfo      = unknown
/bin/machine           = unknown
/usr/bin/oslevel       = unknown
/bin/universe          = unknown

PATH: /home/taji/.iraf/bin/
PATH: /home/taji/.iraf/bin/
PATH: /home/taji/.iraf/bin/
PATH: /home/taji/.local/bin/
PATH: /usr/local/sbin/
PATH: /usr/local/bin/
PATH: /usr/sbin/
PATH: /usr/bin/
PATH: /sbin/
PATH: /bin/
PATH: /usr/games/
PATH: /usr/local/games/
PATH: /snap/bin/
PATH: /snap/bin/


## ----------- ##
## Core tests. ##
## ----------- ##

configure:2346: looking for aux files: compile missing install-sh config.guess config.sub
configure:2359:  trying ./
configure:2388:   ./compile found
configure:2388:   ./missing found
configure:2370:   ./install-sh found
configure:2388:   ./config.guess found
configure:2388:   ./config.sub found
configure:2514: checking build system type
configure:2529: result: x86_64-unknown-linux-gnu
configure:2549: checking host system type
configure:2563: result: x86_64-unknown-linux-gnu
configure:2583: checking target system type
configure:2597: result: x86_64-unknown-linux-gnu
configure:2642: checking for a BSD-compatible install
configure:2715: result: /usr/bin/install -c
configure:2726: checking whether build environment is sane
configure:2781: result: yes
configure:2816: WARNING: 'missing' script is too old or missing
configure:2940: checking for a race-free mkdir -p
configure:2984: result: /usr/bin/mkdir -p
configure:2991: checking for gawk
configure:3026: result: no
configure:2991: checking for mawk
configure:3012: found /usr/bin/mawk
configure:3023: result: mawk
configure:3034: checking whether make sets $(MAKE)
configure:3057: result: yes
configure:3087: checking whether make supports nested variables
configure:3105: result: yes
configure:3305: checking for gcc
configure:3326: found /usr/bin/gcc
configure:3337: result: gcc
configure:3690: checking for C compiler version
configure:3699: gcc --version >&5
gcc (Ubuntu 11.3.0-1ubuntu1~22.04) 11.3.0
Copyright (C) 2021 Free Software Foundation, Inc.
This is free software; see the source for copying conditions.  There is NO
warranty; not even for MERCHANTABILITY or FITNESS FOR A PARTICULAR PURPOSE.

configure:3710: $? = 0
configure:3699: gcc -v >&5
Using built-in specs.
COLLECT_GCC=gcc
COLLECT_LTO_WRAPPER=/usr/lib/gcc/x86_64-linux-gnu/11/lto-wrapper
OFFLOAD_TARGET_NAMES=nvptx-none:amdgcn-amdhsa
OFFLOAD_TARGET_DEFAULT=1
Target: x86_64-linux-gnu
Configured with: ../src/configure -v --with-pkgversion='Ubuntu 11.3.0-1ubuntu1~22.04' --with-bugurl=file:///usr/share/doc/gcc-11/README.Bugs --enable-languages=c,ada,c++,go,brig,d,fortran,objc,obj-c++,m2 --prefix=/usr --with-gcc-major-version-only --program-suffix=-11 --program-prefix=x86_64-linux-gnu- --enable-shared --enable-linker-build-id --libexecdir=/usr/lib --without-included-gettext --enable-threads=posix --libdir=/usr/lib --enable-nls --enable-bootstrap --enable-clocale=gnu --enable-libstdcxx-debug --enable-libstdcxx-time=yes --with-default-libstdcxx-abi=new --enable-gnu-unique-object --disable-vtable-verify --enable-plugin --enable-default-pie --with-system-zlib --enable-libphobos-checking=release --with-target-system-zlib=auto --enable-objc-gc=auto --enable-multiarch --disable-werror --enable-cet --with-arch-32=i686 --with-abi=m64 --with-multilib-list=m32,m64,mx32 --enable-multilib --with-tune=generic --enable-offload-targets=nvptx-none=/build/gcc-11-xKiWfi/gcc-11-11.3.0/debian/tmp-nvptx/usr,amdgcn-amdhsa=/build/gcc-11-xKiWfi/gcc-11-11.3.0/debian/tmp-gcn/usr --without-cuda-driver --enable-checking=release --build=x86_64-linux-gnu --host=x86_64-linux-gnu --target=x86_64-linux-gnu --with-build-config=bootstrap-lto-lean --enable-link-serialization=2
Thread model: posix
Supported LTO compression algorithms: zlib zstd
gcc version 11.3.0 (Ubuntu 11.3.0-1ubuntu1~22.04) 
... rest of stderr output deleted ...
configure:3710: $? = 0
configure:3699: gcc -V >&5
gcc: error: unrecognized command-line option '-V'
gcc: fatal error: no input files
compilation terminated.
configure:3710: $? = 1
configure:3699: gcc -qversion >&5
gcc: error: unrecognized command-line option '-qversion'; did you mean '--version'?
gcc: fatal error: no input files
compilation terminated.
configure:3710: $? = 1
configure:3699: gcc -version >&5
gcc: error: unrecognized command-line option '-version'
gcc: fatal error: no input files
compilation terminated.
configure:3710: $? = 1
configure:3730: checking whether the C compiler works
configure:3752: gcc    conftest.c  >&5
configure:3756: $? = 0
configure:3806: result: yes
configure:3809: checking for C compiler default output file name
configure:3811: result: a.out
configure:3817: checking for suffix of executables
configure:3824: gcc -o conftest    conftest.c  >&5
configure:3828: $? = 0
configure:3851: result: 
configure:3873: checking whether we are cross compiling
configure:3881: gcc -o conftest    conftest.c  >&5
configure:3885: $? = 0
configure:3892: ./conftest
configure:3896: $? = 0
configure:3911: result: no
configure:3916: checking for suffix of object files
configure:3939: gcc -c   conftest.c >&5
configure:3943: $? = 0
configure:3965: result: o
configure:3969: checking whether the compiler supports GNU C
configure:3989: gcc -c   conftest.c >&5
configure:3989: $? = 0
configure:3999: result: yes
configure:4010: checking whether gcc accepts -g
configure:4031: gcc -c -g  conftest.c >&5
configure:4031: $? = 0
configure:4075: result: yes
configure:4095: checking for gcc option to enable C11 features
configure:4110: gcc  -c -g -O2  conftest.c >&5
configure:4110: $? = 0
configure:4128: result: none needed
configure:4244: checking whether gcc understands -c and -o together
configure:4267: gcc -c conftest.c -o conftest2.o
configure:4270: $? = 0
configure:4267: gcc -c conftest.c -o conftest2.o
configure:4270: $? = 0
configure:4282: result: yes
configure:4302: checking whether make supports the include directive
configure:4317: make -f confmf.GNU && cat confinc.out
this is the am__doit target
configure:4320: $? = 0
configure:4339: result: yes (GNU style)
configure:4365: checking dependency style of gcc
configure:4477: result: gcc3
configure:4493: checking whether make sets $(MAKE)
configure:4516: result: yes
configure:4621: checking for pkg-config
configure:4644: found /usr/bin/pkg-config
configure:4656: result: /usr/bin/pkg-config
configure:4681: checking pkg-config is at least version 0.16
configure:4684: result: yes
configure:4702: checking for glib-2.0 >= 2.32.0 gthread-2.0 gobject-2.0
configure:4709: $PKG_CONFIG --exists --print-errors "$pkg_config_args"
configure:4712: $? = 0
configure:4726: $PKG_CONFIG --exists --print-errors "$pkg_config_args"
configure:4729: $? = 0
configure:4767: result: yes
configure:4777: $PKG_CONFIG --exists --print-errors "glib-2.0"
configure:4780: $? = 0
configure:4801: $PKG_CONFIG --exists --print-errors "glib-2.0"
configure:4804: $? = 0
configure:4825: $PKG_CONFIG --exists --print-errors "glib-2.0"
configure:4828: $? = 0
configure:4849: $PKG_CONFIG --exists --print-errors "gio-2.0"
configure:4852: $? = 0
configure:4869: checking for GLIB - version >= 2.32.0
configure:4975: gcc -o conftest -g -O2 -pthread -I/usr/include/glib-2.0 -I/usr/lib/x86_64-linux-gnu/glib-2.0/include   conftest.c -lgthread-2.0 -pthread -lgobject-2.0 -lglib-2.0  >&5
configure:4975: $? = 0
configure:4975: ./conftest
configure:4975: $? = 0
configure:4990: result: yes (version 2.72.4)
configure:5421: checking for openssl
configure:5428: $PKG_CONFIG --exists --print-errors "openssl"
configure:5431: $? = 0
configure:5445: $PKG_CONFIG --exists --print-errors "openssl"
configure:5448: $? = 0
configure:5486: result: yes
configure:5493: checking if openssl is available
configure:5495: result: yes
configure:5506: checking for libssh2
configure:5513: $PKG_CONFIG --exists --print-errors "libssh2"
configure:5516: $? = 0
configure:5530: $PKG_CONFIG --exists --print-errors "libssh2"
configure:5533: $? = 0
configure:5571: result: yes
configure:5578: checking if libssh2 is available
configure:5580: result: yes
configure:5641: checking for stdio.h
configure:5641: gcc -c -g -O2    conftest.c >&5
configure:5641: $? = 0
configure:5641: result: yes
configure:5641: checking for stdlib.h
configure:5641: gcc -c -g -O2    conftest.c >&5
configure:5641: $? = 0
configure:5641: result: yes
configure:5641: checking for string.h
configure:5641: gcc -c -g -O2    conftest.c >&5
configure:5641: $? = 0
configure:5641: result: yes
configure:5641: checking for inttypes.h
configure:5641: gcc -c -g -O2    conftest.c >&5
configure:5641: $? = 0
configure:5641: result: yes
configure:5641: checking for stdint.h
configure:5641: gcc -c -g -O2    conftest.c >&5
configure:5641: $? = 0
configure:5641: result: yes
configure:5641: checking for strings.h
configure:5641: gcc -c -g -O2    conftest.c >&5
configure:5641: $? = 0
configure:5641: result: yes
configure:5641: checking for sys/stat.h
configure:5641: gcc -c -g -O2    conftest.c >&5
configure:5641: $? = 0
configure:5641: result: yes
configure:5641: checking for sys/types.h
configure:5641: gcc -c -g -O2    conftest.c >&5
configure:5641: $? = 0
configure:5641: result: yes
configure:5641: checking for unistd.h
configure:5641: gcc -c -g -O2    conftest.c >&5
configure:5641: $? = 0
configure:5641: result: yes
configure:5666: checking for pwd.h
configure:5666: gcc -c -g -O2    conftest.c >&5
configure:5666: $? = 0
configure:5666: result: yes
configure:5672: checking for sys/utsname.h
configure:5672: gcc -c -g -O2    conftest.c >&5
configure:5672: $? = 0
configure:5672: result: yes
configure:5783: checking that generated files are newer than configure
configure:5789: result: done
configure:5812: creating ./config.status

## ---------------------- ##
## Running config.status. ##
## ---------------------- ##

This file was extended by config.status, which was
generated by GNU Autoconf 2.71.  Invocation command line was

  CONFIG_FILES    = 
  CONFIG_HEADERS  = 
  CONFIG_LINKS    = 
  CONFIG_COMMANDS = 
  $ ./config.status 

on kasumi

config.status:886: creating Makefile
config.status:886: creating icons/Makefile
config.status:886: creating version.h
config.status:886: creating config.h
config.status:886: creating libssh2_config.h
config.status:1115: executing depfiles commands
config.status:1192: cd .       && sed -e '/# am--include-marker/d' Makefile         | make -f - am--depfiles
config.status:1197: $? = 0

## ---------------- ##
## Cache variables. ##
## ---------------- ##

ac_cv_build=x86_64-unknown-linux-gnu
ac_cv_c_compiler_gnu=yes
ac_cv_env_CC_set=
ac_cv_env_CC_value=
ac_cv_env_CFLAGS_set=
ac_cv_env_CFLAGS_value=
ac_cv_env_CPPFLAGS_set=
ac_cv_env_CPPFLAGS_value=
ac_cv_env_GLIB_CFLAGS_set=
ac_cv_env_GLIB_CFLAGS_value=
ac_cv_env_GLIB_COMPILE_RESOURCES_set=
ac_cv_env_GLIB_COMPILE_RESOURCES_value=
ac_cv_env_GLIB_GENMARSHAL_set=
ac_cv_env_GLIB_GENMARSHAL_value=
ac_cv_env_GLIB_LIBS_set=
ac_cv_env_GLIB_LIBS_value=
ac_cv_env_GLIB_MKENUMS_set=
ac_cv_env_GLIB_MKENUMS_value=
ac_cv_env_GOBJECT_QUERY_set=
ac_cv_env_GOBJECT_QUERY_value=
ac_cv_env_LDFLAGS_set=
ac_cv_env_LDFLAGS_value=
ac_cv_env_LIBSSH2_CFLAGS_set=
ac_cv_env_LIBSSH2_CFLAGS_value=
ac_cv_env_LIBSSH2_LIBS_set=
ac_cv_env_LIBSSH2_LIBS_value=
ac_cv_env_LIBS_set=
ac_cv_env_LIBS_value=
ac_cv_env_OPENSSL_CFLAGS_set=
ac_cv_env_OPENSSL_CFLAGS_value=
ac_cv_env_OPENSSL_LIBS_set=
ac_cv_env_OPENSSL_LIBS_value=
ac_cv_env_PKG_CONFIG_LIBDIR_set=
ac_cv_env_PKG_CONFIG_LIBDIR_value=
ac_cv_env_PKG_CONFIG_PATH_set=
ac_cv_env_PKG_CONFIG_PATH_value=
ac_cv_env_PKG_CONFIG_set=
ac_cv_env_PKG_CONFIG_value=
ac_cv_env_build_alias_set=
ac_cv_env_build_alias_value=
ac_cv_env_host_alias_set=
ac_cv_env_host_alias_value=
ac_cv_env_target_alias_set=
ac_cv_env_target_alias_value=
ac_cv_header_inttypes_h=yes
ac_cv_header_pwd_h=yes
ac_cv_header_stdint_h=yes
ac_cv_header_stdio_h=yes
ac_cv_header_stdlib_h=yes
ac_cv_header_string_h=yes
ac_cv_header_strings_h=yes
ac_cv_header_sys_stat_h=yes
ac_cv_header_sys_types_h=yes
ac_cv_header_sys_utsname_h=yes
ac_cv_header_unistd_h=yes
ac_cv_host=x86_64-unknown-linux-gnu
ac_cv_objext=o
ac_cv_path_ac_pt_PKG_CONFIG=/usr/bin/pkg-config
ac_cv_path_install='/usr/bin/install -c'
ac_cv_path_mkdir=/usr/bin/mkdir
ac_cv_prog_AWK=mawk
ac_cv_prog_ac_ct_CC=gcc
ac_cv_prog_cc_c11=
ac_cv_prog_cc_g=yes
ac_cv_prog_cc_stdc=
ac_cv_prog_make_make_set=yes
ac_cv_target=x86_64-unknown-linux-gnu
am_cv_CC_dependencies_compiler_type=gcc3
am_cv_make_support_nested_variables=yes
am_cv_prog_cc_c_o=yes
pkg_cv_GLIB_CFLAGS='-pthread -I/usr/include/glib-2.0 -I/usr/lib/x86_64-linux-gnu/glib-2.0/include'
pkg_cv_GLIB_COMPILE_RESOURCES=/usr/bin/glib-compile-resources
pkg_cv_GLIB_GENMARSHAL=/usr/bin/glib-genmarshal
pkg_cv_GLIB_LIBS='-lgthread-2.0 -pthread -lgobject-2.0 -lglib-2.0'
pkg_cv_GLIB_MKENUMS=/usr/bin/glib-mkenums
pkg_cv_GOBJECT_QUERY=/usr/bin/gobject-query
pkg_cv_LIBSSH2_CFLAGS=
pkg_cv_LIBSSH2_LIBS=-lssh2
pkg_cv_OPENSSL_CFLAGS=
pkg_cv_OPENSSL_LIBS='-lssl -lcrypto'

## ----------------- ##
## Output variables. ##
## ----------------- ##

ACLOCAL='aclocal-1.16'
AMDEPBACKSLASH='\'
AMDEP_FALSE='#'
AMDEP_TRUE=''
AMTAR='$${TAR-tar}'
AM_BACKSLASH='\'
AM_DEFAULT_V='$(AM_DEFAULT_VERBOSITY)'
AM_DEFAULT_VERBOSITY='1'
AM_V='$(V)'
AUTOCONF='autoconf'
AUTOHEADER='autoheader'
AUTOMAKE='automake-1.16'
AWK='mawk'
CC='gcc'
CCDEPMODE='depmode=gcc3'
CFITSIO_CFLAGS='-I/usr/include/cfitsio'
CFITSIO_LIBS='-L/usr/lib64 -lcfitsio -lnsl'
CFLAGS='-g -O2  '
CPPFLAGS=''
CSCOPE='cscope'
CTAGS='ctags'
CYGPATH_W='echo'
DEFS='-DHAVE_CONFIG_H'
DEPDIR='.deps'
ECHO_C=''
ECHO_N='-n'
ECHO_T=''
ETAGS='etags'
EXEEXT=''
GLIB_CFLAGS='-pthread -I/usr/include/glib-2.0 -I/usr/lib/x86_64-linux-gnu/glib-2.0/include'
GLIB_COMPILE_RESOURCES='/usr/bin/glib-compile-resources'
GLIB_GENMARSHAL='/usr/bin/glib-genmarshal'
GLIB_LIBS='-lgthread-2.0 -pthread -lgobject-2.0 -lglib-2.0'
GLIB_MKENUMS='/usr/bin/glib-mkenums'
GOBJECT_QUERY='/usr/bin/gobject-query'
GTK3_CFLAGS='-pthread -I/usr/include/gtk-3.0 -I/usr/include/at-spi2-atk/2.0 -I/usr/include/at-spi-2.0 -I/usr/include/dbus-1.0 -I/usr/lib/x86_64-linux-gnu/dbus-1.0/include -I/usr/include/gtk-3.0 -I/usr/include/gio-unix-2.0 -I/usr/include/cairo -I/usr/include/pango-1.0 -I/usr/include/harfbuzz -I/usr/include/pango-1.0 -I/usr/include/fribidi -I/usr/include/harfbuzz -I/usr/include/atk-1.0 -I/usr/include/cairo -I/usr/include/pixman-1 -I/usr/include/uuid -I/usr/include/freetype2 -I/usr/include/gdk-pixbuf-2.0 -I/usr/include/libpng16 -I/usr/include/x86_64-linux-gnu -I/usr/include/libmount -I/usr/include/blkid -I/usr/include/glib-2.0 -I/usr/lib/x86_64-linux-gnu/glib-2.0/include'
GTK3_LIBS='-lgtk-3 -lgdk-3 -lpangocairo-1.0 -lpango-1.0 -lharfbuzz -latk-1.0 -lcairo-gobject -lcairo -lgdk_pixbuf-2.0 -lgio-2.0 -lgobject-2.0 -lglib-2.0'
GTK_CFLAGS=''
GTK_LIBS=''
INSTALL_DATA='${INSTALL} -m 644'
INSTALL_PROGRAM='${INSTALL}'
INSTALL_SCRIPT='${INSTALL}'
INSTALL_STRIP_PROGRAM='$(install_sh) -c -s'
LDFLAGS=''
LIBOBJS=''
LIBS=' -lssl -lcrypto -lssh2'
LIBSSH2_CFLAGS=''
LIBSSH2_LIBS='-lssh2'
LTLIBOBJS=''
MAKEINFO='makeinfo'
MKDIR_P='/usr/bin/mkdir -p'
OBJEXT='o'
OPENSSL_CFLAGS=''
OPENSSL_LIBS='-lssl -lcrypto'
PACKAGE='grlog'
PACKAGE_BUGREPORT=''
PACKAGE_NAME=''
PACKAGE_STRING=''
PACKAGE_TARNAME=''
PACKAGE_URL=''
PACKAGE_VERSION=''
PATH_SEPARATOR=':'
PKG_CONFIG='/usr/bin/pkg-config'
PKG_CONFIG_LIBDIR=''
PKG_CONFIG_PATH=''
SET_MAKE=''
SHELL='/bin/bash'
STRIP=''
VERSION='1.0.0-20230427'
ac_ct_CC='gcc'
am__EXEEXT_FALSE=''
am__EXEEXT_TRUE='#'
am__fastdepCC_FALSE='#'
am__fastdepCC_TRUE=''
am__include='include'
am__isrc=''
am__leading_dot='.'
am__nodep='_no'
am__quote=''
am__tar='$${TAR-tar} chof - "$$tardir"'
am__untar='$${TAR-tar} xf -'
bindir='${exec_prefix}/bin'
build='x86_64-unknown-linux-gnu'
build_alias=''
build_cpu='x86_64'
build_os='linux-gnu'
build_vendor='unknown'
datadir='${datarootdir}'
datarootdir='${prefix}/share'
docdir='${datarootdir}/doc/${PACKAGE}'
dvidir='${docdir}'
exec_prefix='${prefix}'
host='x86_64-unknown-linux-gnu'
host_alias=''
host_cpu='x86_64'
host_os='linux-gnu'
host_vendor='unknown'
htmldir='${docdir}'
includedir='${prefix}/include'
infodir='${datarootdir}/info'
install_sh='${SHELL} /home/taji/tmp/grlog/install-sh'
libdir='${exec_prefix}/lib'
libexecdir='${exec_prefix}/libexec'
localedir='${datarootdir}/locale'
localstatedir='${prefix}/var'
mandir='${datarootdir}/man'
mkdir_p='$(MKDIR_P)'
oldincludedir='/usr/include'
pdfdir='${docdir}'
prefix='/usr/local'
program_transform_name='s,x,x,'
psdir='${docdir}'
runstatedir='${localstatedir}/run'
sbindir='${exec_prefix}/sbin'
sharedstatedir='${prefix}/com'
sysconfdir='${prefix}/etc'
target='x86_64-unknown-linux-gnu'
target_alias=''
target_cpu='x86_64'
target_os='linux-gnu'
target_vendor='unknown'

## ----------- ##
## confdefs.h. ##
## ----------- ##

/* confdefs.h */
#define PACKAGE_NAME ""
#define PACKAGE_TARNAME ""
#define PACKAGE_VERSION ""
#define PACKAGE_STRING ""
#define PACKAGE_BUGREPORT ""
#define PACKAGE_URL ""
#define USE_GTK3 /**/
#define USE_SSL 1
#define HAVE_STDIO_H 1
#define HAVE_STDLIB_H 1
#define HAVE_STRING_H 1
#define HAVE_INTTYPES_H 1
#define HAVE_STDINT_H 1
#define HAVE_STRINGS_H 1
#define HAVE_SYS_STAT_H 1
#define HAVE_SYS_TYPES_H 1
#define HAVE_UNISTD_H 1
#define STDC_HEADERS 1
#define HAVE_PWD_H 1
#define HAVE_SYS_UTSNAME_H 1

configure: exit 0
